<?xml version="1.0" encoding="UTF-8"?>
<!-- Generated by org.testng.reporters.JUnitReportReporter -->
<testsuite hostname="DESKTOP-OI1AHPK" failures="0" tests="3" name="scenario2PageObjectModel.TestCase.LoginTest" time="4.050" errors="0" timestamp="2024-01-19T16:15:27 IST" skipped="0">
  <testcase classname="scenario2PageObjectModel.TestCase.LoginTest" name="verifyUrl" time="0.028"/>
  <system-out/>
  <testcase classname="scenario2PageObjectModel.TestCase.LoginTest" name="verifyTitle" time="0.015"/>
  <system-out/>
  <testcase classname="scenario2PageObjectModel.TestCase.LoginTest" name="verifyLogin" time="4.007"/>
  <system-out/>
</testsuite> <!-- scenario2PageObjectModel.TestCase.LoginTest -->
