<?xml version="1.0" encoding="UTF-8"?>
<!-- Generated by org.testng.reporters.JUnitReportReporter -->
<testsuite hostname="DESKTOP-OI1AHPK" failures="0" tests="4" name="scenario2PageObjectModel.TestCase.AdminTest" time="8.416" errors="0" timestamp="2024-06-13T11:28:37 IST" skipped="0">
  <testcase classname="scenario2PageObjectModel.TestCase.AdminTest" name="verifymenu" time="1.898"/>
  <system-out/>
  <testcase classname="scenario2PageObjectModel.TestCase.AdminTest" name="verifySearchByUserName" time="3.330"/>
  <system-out/>
  <testcase classname="scenario2PageObjectModel.TestCase.AdminTest" name="verifySearchByUserRole" time="2.345"/>
  <system-out/>
  <testcase classname="scenario2PageObjectModel.TestCase.AdminTest" name="verifySearchByUserStatus" time="0.843"/>
  <system-out/>
</testsuite> <!-- scenario2PageObjectModel.TestCase.AdminTest -->
