<?xml version="1.0" encoding="UTF-8"?>
<!-- Generated by org.testng.reporters.JUnitReportReporter -->
<testsuite hostname="DESKTOP-OI1AHPK" failures="0" tests="1" name="scenario1_LoginModule.ScreenShot" time="5.719" errors="0" timestamp="2024-01-11T16:20:54 IST" skipped="0">
  <testcase classname="scenario1_LoginModule.ScreenShot" name="CaptureScreenshot" time="5.719"/>
  <system-out/>
</testsuite> <!-- scenario1_LoginModule.ScreenShot -->
