<?xml version="1.0" encoding="UTF-8"?>
<!-- Generated by org.testng.reporters.JUnitReportReporter -->
<testsuite hostname="DESKTOP-OI1AHPK" failures="0" tests="2" name="scenario2PageObjectModel.TestCase.BaseClass" time="5.982" errors="0" timestamp="2024-01-16T15:38:03 IST" skipped="0">
  <testcase classname="scenario2PageObjectModel.TestCase.BaseClass" name="tearDown" time="0.229"/>
  <system-out/>
  <testcase classname="scenario2PageObjectModel.TestCase.BaseClass" name="setup" time="5.753"/>
  <system-out/>
</testsuite> <!-- scenario2PageObjectModel.TestCase.BaseClass -->
